2026-02-23 12:03:49 [ERROR] ❌ Erreur modification box {"boxId":"15","error":"Converting circular structure to JSON 
\n    --> starting at object with constructor 'Array'
\n    |     index 0 -> object with constructor 'Object'
\n    |     property 'parent' -> object with constructor 'Object'
\n    --- property 'include' closes the circle","stack":"TypeError: Converting circular structure to JSON
\n    --> starting at object with constructor 'Array'
\n    |     index 0 -> object with constructor 'Object'
\n    |     property 'parent' -> object with constructor 'Object'
\n    --- property 'include' closes the circle
\n    at JSON.stringify (<anonymous>)
\n    at HistoriqueService.getChanges (C:\\Users\\pc\\Desktop\\Project\\Document\\backend\\services\\historique.service.js:222:43)
\n    at HistoriqueService.logUpdate (C:\\Users\\pc\\Desktop\\Project\\Document\\backend\\services\\historique.service.js:258:26)
\n    at exports.update (C:\\Users\\pc\\Desktop\\Project\\Document\\backend\\controllers\\box.controller.js:232:29)
\n    at process.processTicksAndRejections 
(node:internal/process/task_queues:103:5)","body":{"code_box":"n","libelle":"n","capacite_max":10,"trave_id":5,"type_document_id":20,"entitee_un_id":2,"entitee_deux_id":null,"entitee_trois_id":null},"userId":1,"duration":29}


2026-02-23 14:27:22 [ERROR] ❌ Erreur update document: {"documentId":"54","error":"values is not iterable","stack":"TypeError: values is not iterable
\n    at exports.update (C:\\Users\\pc\\Desktop\\Project\\Document\\backend\\controllers\\document.controller.js:290:21)
\n    at process.processTicksAndRejections (node:internal/process/task_queues:103:5)","userId":1,"duration":5}
2026-02-23 14:29:18 [ERROR] ❌ Erreur update document: {"documentId":"53","error":"values is not iterable","stack":"TypeError: values is not iterable
\n    at exports.update (C:\\Users\\pc\\Desktop\\Project\\Document\\backend\\controllers\\document.controller.js:290:21)
\n    at process.processTicksAndRejections (node:internal/process/task_queues:103:5)","userId":1,"duration":3}


2026-02-23 15:15:29 [ERROR] ❌ Erreur update droit: {"droitId":"7","error":"changes.join is not a function","stack":"TypeError: changes.join is not a function
\n    at HistoriqueService.logUpdate (C:\\Users\\pc\\Desktop\\Project\\Document\\backend\\services\\historique.service.js:359:36)
\n    at update (C:\\Users\\pc\\Desktop\\Project\\Document\\backend\\controllers\\droit.controller.js:215:31)
\n    at process.processTicksAndRejections (node:internal/process/task_queues:103:5)","userId":1,"duration":21}
