2026-03-01 21:43:41 [INFO] ✅ Logger initialisé avec succès 
2026-03-01 22:53:19 [INFO] ✅ Logger initialisé avec succès 
2026-03-01 22:57:21 [INFO] HISTORIQUE {"agent_id":1,"action":"login","resource":"auth/connexion","method":"POST","path":"/api/auth/connexion","status":200,"ip":"::1","user_agent":"PostmanRuntime/7.51.1"}
2026-03-01 23:04:15 [INFO] ✅ Logger initialisé avec succès 
2026-03-01 23:04:25 [INFO] HISTORIQUE {"agent_id":1,"action":"login","resource":"auth/connexion","method":"POST","path":"/api/auth/connexion","status":200,"ip":"::1","user_agent":"Mozilla/5.0 (Windows NT 10.0; Win64; x64) AppleWebKit/537.36 (KHTML, like Gecko) Chrome/145.0.0.0 Safari/537.36"}
2026-03-01 23:04:25 [INFO] ✅ Profil utilisateur récupéré {"userId":1,"nom":"Mamadou Diouma","duration":168}
2026-03-01 23:04:27 [INFO] ✅ Types de documents récupérés {"count":0,"userId":1,"duration":80}
2026-03-01 23:04:27 [INFO] HISTORIQUE {"agent_id":1,"action":"read","resource":"typeDocument","resource_id":null,"resource_identifier":"liste des types de documents","description":"Consultation de la liste des types de documents","method":"GET","path":"/api/types-documents","status":200,"ip":"::1","user_agent":"Mozilla/5.0 (Windows NT 10.0; Win64; x64) AppleWebKit/537.36 (KHTML, like Gecko) Chrome/145.0.0.0 Safari/537.36","data":{"count":0,"duration":82}}
2026-03-01 23:04:28 [INFO] ✅ Total des agents récupéré {"total":2,"userId":1,"duration":62}
2026-03-01 23:04:28 [INFO] ✅ Total des types de documents récupéré {"total":0,"userId":1,"duration":63}
2026-03-01 23:04:28 [INFO] ✅ Total des documents récupéré {"total":0,"userId":1,"duration":57}
2026-03-01 23:04:28 [INFO] ✅ Total des agents récupéré {"total":2,"userId":1,"duration":25}
2026-03-01 23:04:28 [INFO] ✅ Total des types de documents récupéré {"total":0,"userId":1,"duration":37}
2026-03-01 23:04:28 [INFO] ✅ Total des documents récupéré {"total":0,"userId":1,"duration":40}
2026-03-01 23:04:28 [INFO] ✅ Agents par entité niveau 2 récupérés {"count":0,"userId":1,"duration":44}
2026-03-01 23:04:28 [INFO] ✅ Agents par entité niveau 3 récupérés {"count":0,"userId":1,"duration":34}
2026-03-01 23:04:29 [INFO] ✅ Agents par entité niveau 1 récupérés {"count":0,"userId":1,"duration":75}
2026-03-01 23:04:29 [INFO] ✅ Agents par structure récupérés {"count":1,"userId":1,"duration":42}
2026-03-01 23:04:29 [INFO] ✅ Agents par entité niveau 1 récupérés {"count":0,"userId":1,"duration":42}
2026-03-01 23:04:29 [INFO] ✅ Agents par entité niveau 2 récupérés {"count":0,"userId":1,"duration":57}
2026-03-01 23:04:29 [INFO] ✅ Agents par entité niveau 3 récupérés {"count":0,"userId":1,"duration":73}
2026-03-01 23:04:29 [INFO] ✅ Agents par structure récupérés {"count":1,"userId":1,"duration":16}
2026-03-01 23:04:29 [INFO] ✅ Documents par type récupérés {"count":0,"userId":1,"duration":49}
2026-03-01 23:04:29 [INFO] ✅ Documents par mois récupérés {"count":0,"userId":1,"duration":39}
2026-03-01 23:04:29 [INFO] ✅ Documents par structure récupérés {"count":0,"userId":1,"duration":16}
2026-03-01 23:04:29 [INFO] ✅ Documents par type récupérés {"count":0,"userId":1,"duration":20}
2026-03-01 23:04:29 [INFO] ✅ Documents par mois récupérés {"count":0,"userId":1,"duration":12}
2026-03-01 23:04:29 [INFO] ✅ Documents par structure récupérés {"count":0,"userId":1,"duration":6}
2026-03-01 23:04:54 [INFO] ✅ Types de documents récupérés {"count":0,"userId":1,"duration":30}
2026-03-01 23:04:54 [INFO] HISTORIQUE {"agent_id":1,"action":"read","resource":"typeDocument","resource_id":null,"resource_identifier":"liste des types de documents","description":"Consultation de la liste des types de documents","method":"GET","path":"/api/types-documents","status":200,"ip":"::1","user_agent":"Mozilla/5.0 (Windows NT 10.0; Win64; x64) AppleWebKit/537.36 (KHTML, like Gecko) Chrome/145.0.0.0 Safari/537.36","data":{"count":0,"duration":32}}
2026-03-01 23:04:54 [INFO] ✅ Pièces récupérées {"count":2,"userId":1,"duration":27}
2026-03-01 23:04:54 [INFO] HISTORIQUE {"agent_id":1,"action":"read","resource":"pieces","resource_id":null,"resource_identifier":"liste des pièces","description":"Consultation de la liste des pièces","method":"GET","path":"/api/pieces/","status":200,"ip":"::1","user_agent":"Mozilla/5.0 (Windows NT 10.0; Win64; x64) AppleWebKit/537.36 (KHTML, like Gecko) Chrome/145.0.0.0 Safari/537.36","data":{"count":2,"duration":29}}
2026-03-01 23:05:15 [INFO] ✅ Total des agents récupéré {"total":2,"userId":1,"duration":26}
2026-03-01 23:05:15 [INFO] ✅ Total des types de documents récupéré {"total":0,"userId":1,"duration":25}
2026-03-01 23:05:15 [INFO] ✅ Total des documents récupéré {"total":0,"userId":1,"duration":17}
2026-03-01 23:05:15 [INFO] ✅ Total des agents récupéré {"total":2,"userId":1,"duration":25}
2026-03-01 23:05:15 [INFO] ✅ Total des types de documents récupéré {"total":0,"userId":1,"duration":20}
2026-03-01 23:05:15 [INFO] ✅ Total des documents récupéré {"total":0,"userId":1,"duration":32}
2026-03-01 23:05:16 [INFO] ✅ Agents par entité niveau 1 récupérés {"count":0,"userId":1,"duration":11}
2026-03-01 23:05:16 [INFO] ✅ Agents par entité niveau 3 récupérés {"count":0,"userId":1,"duration":19}
2026-03-01 23:05:16 [INFO] ✅ Agents par entité niveau 2 récupérés {"count":0,"userId":1,"duration":15}
2026-03-01 23:05:16 [INFO] ✅ Agents par structure récupérés {"count":1,"userId":1,"duration":7}
2026-03-01 23:05:16 [INFO] ✅ Agents par entité niveau 1 récupérés {"count":0,"userId":1,"duration":29}
2026-03-01 23:05:16 [INFO] ✅ Agents par entité niveau 2 récupérés {"count":0,"userId":1,"duration":20}
2026-03-01 23:05:16 [INFO] ✅ Agents par entité niveau 3 récupérés {"count":0,"userId":1,"duration":15}
2026-03-01 23:05:16 [INFO] ✅ Agents par structure récupérés {"count":1,"userId":1,"duration":10}
2026-03-01 23:05:16 [INFO] ✅ Documents par type récupérés {"count":0,"userId":1,"duration":22}
2026-03-01 23:05:16 [INFO] ✅ Documents par mois récupérés {"count":0,"userId":1,"duration":15}
2026-03-01 23:05:16 [INFO] ✅ Documents par structure récupérés {"count":0,"userId":1,"duration":6}
2026-03-01 23:05:16 [INFO] ✅ Documents par type récupérés {"count":0,"userId":1,"duration":23}
2026-03-01 23:05:16 [INFO] ✅ Documents par mois récupérés {"count":0,"userId":1,"duration":16}
2026-03-01 23:05:16 [INFO] ✅ Documents par structure récupérés {"count":0,"userId":1,"duration":7}
2026-03-01 23:07:15 [INFO] ✅ Logger initialisé avec succès 
2026-03-01 23:07:21 [INFO] ✅ Métadonnées de la pièce récupérées {"pieceId":"55","count":0,"userId":1,"duration":7}
2026-03-01 23:07:25 [INFO] 🗑️ Tentative de suppression d'une pièce {"pieceId":"55","userId":1}
2026-03-01 23:07:25 [INFO] ✅ Pièce supprimée avec succès {"pieceId":"55","code":"","libelle":"ACTE DE MAIN LEVEE","userId":1,"duration":45}
2026-03-01 23:07:25 [INFO] HISTORIQUE {"agent_id":1,"action":"delete","resource":"pieces","resource_id":55,"resource_identifier":"ACTE DE MAIN LEVEE (55)","description":"Suppression de pieces : ACTE DE MAIN LEVEE (55)","method":"DELETE","path":"/api/pieces/55","status":200,"ip":"::1","user_agent":"Mozilla/5.0 (Windows NT 10.0; Win64; x64) AppleWebKit/537.36 (KHTML, like Gecko) Chrome/145.0.0.0 Safari/537.36","deleted_data":{"id":55,"code_pieces":"","libelle":"ACTE DE MAIN LEVEE","createdAt":"2026-03-01T22:57:52.000Z","updatedAt":"2026-03-01T22:58:24.000Z"}}
2026-03-01 23:07:25 [INFO] ✅ Pièces récupérées {"count":1,"userId":1,"duration":3}
2026-03-01 23:07:25 [INFO] HISTORIQUE {"agent_id":1,"action":"read","resource":"pieces","resource_id":null,"resource_identifier":"liste des pièces","description":"Consultation de la liste des pièces","method":"GET","path":"/api/pieces/","status":200,"ip":"::1","user_agent":"Mozilla/5.0 (Windows NT 10.0; Win64; x64) AppleWebKit/537.36 (KHTML, like Gecko) Chrome/145.0.0.0 Safari/537.36","data":{"count":1,"duration":3}}
2026-03-01 23:08:39 [INFO] ✅ Logger initialisé avec succès 
